12:44:57.622 [main] DEBUG com.intuit.karate.Suite - [config] classpath:karate-config.js
12:44:58.604 [pool-1-thread-1] INFO  com.intuit.karate - karate.env system property was: null 
12:44:58.630 [pool-1-thread-3] INFO  com.intuit.karate - karate.env system property was: null 
12:44:58.637 [pool-1-thread-2] INFO  com.intuit.karate - karate.env system property was: null 
12:44:59.559 [pool-1-thread-2] DEBUG com.intuit.karate - request:
1 > GET https://petstore.swagger.io/v2/pet/9223372036854592255
1 > Host: petstore.swagger.io
1 > Connection: Keep-Alive
1 > User-Agent: Apache-HttpClient/4.5.13 (Java/1.8.0_202)
1 > Accept-Encoding: gzip,deflate


12:44:59.559 [pool-1-thread-1] DEBUG com.intuit.karate - request:
1 > POST https://petstore.swagger.io/v2/pet
1 > 'Content-Type': application/json
1 > Content-Type: application/json; charset=UTF-8
1 > Content-Length: 134
1 > Host: petstore.swagger.io
1 > Connection: Keep-Alive
1 > User-Agent: Apache-HttpClient/4.5.13 (Java/1.8.0_202)
1 > Accept-Encoding: gzip,deflate
{"id":0,"category":{"id":0,"name":"Dogs"},"name":"Kala","photoUrls":["string"],"tags":[{"id":0,"name":"string"}],"status":"available"}

12:44:59.559 [pool-1-thread-3] DEBUG com.intuit.karate - request:
1 > PUT https://petstore.swagger.io/v2/pet
1 > 'Content-Type': application/json
1 > Content-Type: application/json; charset=UTF-8
1 > Content-Length: 154
1 > Host: petstore.swagger.io
1 > Connection: Keep-Alive
1 > User-Agent: Apache-HttpClient/4.5.13 (Java/1.8.0_202)
1 > Accept-Encoding: gzip,deflate
{"id":9223372036854592255,"category":{"id":0,"name":"Dogs"},"name":"Homero","photoUrls":["string"],"tags":[{"id":0,"name":"string"}],"status":"available"}

12:45:00.608 [pool-1-thread-3] DEBUG com.intuit.karate - response time in milliseconds: 1044
1 < 200
1 < Date: Mon, 09 Jan 2023 15:45:01 GMT
1 < Content-Type: application/json
1 < Transfer-Encoding: chunked
1 < Connection: keep-alive
1 < Access-Control-Allow-Origin: *
1 < Access-Control-Allow-Methods: GET, POST, DELETE, PUT
1 < Access-Control-Allow-Headers: Content-Type, api_key, Authorization
1 < Server: Jetty(9.2.9.v20150224)
{"id":9223372036854592255,"category":{"id":0,"name":"Dogs"},"name":"Homero","photoUrls":["string"],"tags":[{"id":0,"name":"string"}],"status":"available"}

12:45:00.623 [pool-1-thread-2] DEBUG com.intuit.karate - response time in milliseconds: 1063
1 < 200
1 < Date: Mon, 09 Jan 2023 15:45:01 GMT
1 < Content-Type: application/json
1 < Transfer-Encoding: chunked
1 < Connection: keep-alive
1 < Access-Control-Allow-Origin: *
1 < Access-Control-Allow-Methods: GET, POST, DELETE, PUT
1 < Access-Control-Allow-Headers: Content-Type, api_key, Authorization
1 < Server: Jetty(9.2.9.v20150224)
{"id":9223372036854592255,"category":{"id":0,"name":"Dogs"},"name":"Homero","photoUrls":["string"],"tags":[{"id":0,"name":"string"}],"status":"available"}

12:45:00.628 [pool-1-thread-1] DEBUG com.intuit.karate - response time in milliseconds: 1067
1 < 200
1 < Date: Mon, 09 Jan 2023 15:45:01 GMT
1 < Content-Type: application/json
1 < Transfer-Encoding: chunked
1 < Connection: keep-alive
1 < Access-Control-Allow-Origin: *
1 < Access-Control-Allow-Methods: GET, POST, DELETE, PUT
1 < Access-Control-Allow-Headers: Content-Type, api_key, Authorization
1 < Server: Jetty(9.2.9.v20150224)
{"id":9223372036854593235,"category":{"id":0,"name":"Dogs"},"name":"Kala","photoUrls":["string"],"tags":[{"id":0,"name":"string"}],"status":"available"}

12:45:01.344 [pool-2-thread-1] INFO  com.intuit.karate.Suite - <<pass>> feature 1 of 1 (0 remaining) classpath:examples/users/ petstore.feature
